

[04/08/20 12:59:18] Connecting...

[04/08/20 12:59:27] Getting page 25
[04/08/20 12:59:28] Got page 25
[04/08/20 12:59:28] 	'fake_tintas#4287': "eu me aliei a equipe capa amarela" is similar to 'capa amarela' (100%)
[04/08/20 12:59:28] 	'jujubita304#4656': "eu me aliei à equipe rank's speed!" is similar to 'rank's speed' (92%)
[04/08/20 12:59:28] 	'arkantos#9561': "eu me aliei a equipe capa amarela!" is similar to 'capa amarela' (92%)
[04/08/20 12:59:28] 	'helito#0095': "eu me aliei à equipe  helpers br!" is similar to 'helpers br' (91%)
[04/08/20 12:59:28] 	'p12345marco2#2379': "eu me aliei à equipe  helpers br!" is similar to 'helpers br' (91%)
[04/08/20 12:59:28] 	Skipped message [no 'equipe+(eu_me|alio|aliei)' word] from 'rayanne07#5556': "'estou me aliando ao clube das winx''"
[04/08/20 12:59:28] 	'bapereira31#5088': "eu me aliei à equipe  helpers br!" is similar to 'helpers br' (91%)
[04/08/20 12:59:28] 	'bapereira32#5907': "eu me aliei à equipe  helpers br!" is similar to 'helpers br' (91%)
[04/08/20 12:59:28] 	'bapereira20#7671': "eu me aliei à equipe  helpers br!" is similar to 'helpers br' (91%)
[04/08/20 12:59:28] 	'warfenix#0095': "eu me aliei à equipe  helpers br!" is similar to 'helpers br' (91%)

[04/08/20 12:59:28] Getting page 24
[04/08/20 12:59:30] Got page 24
[04/08/20 12:59:30] 	'bapereira10#7608': "eu me aliei à equipe  helpers br!" is similar to 'helpers br' (91%)
[04/08/20 12:59:30] 	Skipped message [no 'equipe+(eu_me|alio|aliei)' word] from 'mu_picka#2700': "kkkkkkkk"
[04/08/20 12:59:30] 	'n_ym#7700': "eu me aliei à equipe rank's speed!" is similar to 'rank's speed' (92%)
[04/08/20 12:59:31] 	'perversaah#8355': "eu me aliei a equipe capa amarela" is similar to 'capa amarela' (100%)

[04/08/20 12:59:31] Getting page 23
[04/08/20 12:59:32] Got page 23
[04/08/20 12:59:32] 	'qjs10#4485': "eu me aliei à equipe capa amarela!" is similar to 'capa amarela' (92%)
[04/08/20 12:59:32] 	'qjs46#7300': "eu me aliei à equipe capa amarela!" is similar to 'capa amarela' (92%)
[04/08/20 12:59:32] 	'qjs58#2478': "eu me aliei à equipe capa amarela!" is similar to 'capa amarela' (92%)
[04/08/20 12:59:32] 	'qjs65#3300': "eu me aliei à equipe capa amarela!" is similar to 'capa amarela' (92%)
[04/08/20 12:59:32] 	'qjs84#5682': "eu me aliei à equipe capa amarela!" is similar to 'capa amarela' (92%)
[04/08/20 12:59:32] 	'qjs90#2559': "eu me aliei à equipe capa amarela!" is similar to 'capa amarela' (92%)
[04/08/20 12:59:32] 	'qjs107#0984': "eu me aliei à equipe capa amarela!" is similar to 'capa amarela' (92%)
[04/08/20 12:59:32] 	'qjs108#9651': "eu me aliei à equipe capa amarela!" is similar to 'capa amarela' (92%)
[04/08/20 12:59:32] 	'qjs114#1900': "eu me aliei à equipe capa amarela!" is similar to 'capa amarela' (92%)
[04/08/20 12:59:32] 	'daydream#0095': "eu me aliei à equipe  helpers br!" is similar to 'helpers br' (91%)
[04/08/20 12:59:32] 	'qjs117#3855': "eu me aliei à equipe capa amarela!" is similar to 'capa amarela' (92%)
[04/08/20 12:59:32] 	'mu_picka#2700': "eu me aliei à equipe capa amarela!" is similar to 'capa amarela' (92%)
[04/08/20 12:59:32] 	'abootgamer#3333': "eu me aliei à equipe capa amarela!" is similar to 'capa amarela' (92%)
[04/08/20 12:59:32] 	'ligoligo01#5700': "eu me aliei á equipe clube das winx" is similar to 'clube das winx' (100%)
[04/08/20 12:59:32] 	Skipped message [no 'equipe+(eu_me|alio|aliei)' word] from 'leedra#0579': "mano desclassifiquem essa capa amarela, criaram um bot, e pegaram o escudo/logo do google..."
[04/08/20 12:59:32] 	'flashpoint#0095': "eu me aliei à equipe camundongos unidos!" is similar to 'camundongos unidos' (95%)

[04/08/20 12:59:32] Getting page 22
[04/08/20 12:59:35] Got page 22
[04/08/20 12:59:35] 	'roborebolation#9903': "eu me aliei a equipe clube das winx" is similar to 'clube das winx' (100%)
[04/08/20 12:59:35] 	'ssergi#0095': "eu me aliei à equipe  helpers br!" is similar to 'helpers br' (91%)
[04/08/20 12:59:35] 	'fanta2019#3855': "eu me aliei a equipe capa amarela!" is similar to 'capa amarela' (92%)
[04/08/20 12:59:35] 	'miraixo#7554': "eu me aliei a equipe viciados na vanilla !" is similar to 'viciados na vanilla' (90%)
[04/08/20 12:59:35] 	'tefany#7900': "eu me aliei à equipe  helpers br!" is similar to 'helpers br' (91%)
[04/08/20 12:59:35] 	'syberin#0095': "eu me aliei à equipe  helpers br!" is similar to 'helpers br' (91%)
[04/08/20 12:59:35] 	'nicole980#8094': "eu me aliei a equipe zimzalabim! :d" is similar to 'zimzalabim' (71%)
[04/08/20 12:59:35] 	'puizzingg#7707': "eu me aliei à equipe helpers br!" is similar to 'helpers br' (91%)
[04/08/20 12:59:35] 	'tobby#3477': "eu me aliei à equipe  helpers br!" is similar to 'helpers br' (91%)
[04/08/20 12:59:35] 	'tronca#9453': " eu me aliei à equipe rank's speed!" is similar to 'rank's speed' (92%)
[04/08/20 12:59:35] 	'gothic_girl#7500': "eu me aliei à equipe masterchefs" is similar to 'masterchefs' (100%)
[04/08/20 12:59:35] 	'kirito#7482': "b]eu me aliei à equipe  helpers br!" is similar to 'helpers br' (91%)
[04/08/20 12:59:35] 	'yuukikun#4845': "eu me aliei à equipe nightmare" is similar to 'nightmare' (100%)
[04/08/20 12:59:35] 	'emyz#4674': "eu me aliei a equipe clube das winx" is similar to 'clube das winx' (100%)
[04/08/20 12:59:35] 	'sol97#5385': "eu me aliei à equipe capa amarela" is similar to 'capa amarela' (100%)

[04/08/20 12:59:35] Getting page 21
[04/08/20 12:59:37] Got page 21
[04/08/20 12:59:37] 	'donatello#0095': "eu me aliei à equipe camundongos unidos" is similar to 'camundongos unidos' (100%)
[04/08/20 12:59:37] 	'banco24g#5475': "eu me aliei à equipe lute como uma garota!" is similar to 'lute como uma garota' (95%)
[04/08/20 12:59:37] 	'lostchicken#0095': "eu me aliei à equipe  helpers br!" is similar to 'helpers br' (91%)
[04/08/20 12:59:37] 	'brooow#6429': "me aliei à equipe rank's speed!" is similar to 'rank's speed' (92%)
[04/08/20 12:59:37] 	'sla#9219': "me aliei à equipe rank's speed!" is similar to 'rank's speed' (92%)
[04/08/20 12:59:37] 	'joaorayman77#7000': "eu me aliei à equipe first blooders invencible!" is similar to 'first blooders invencibles' (96%)
[04/08/20 12:59:37] 	'paozinhoderrete#9075': "eu me aliei a equipe  capa amarela!" is similar to 'capa amarela' (92%)
[04/08/20 12:59:37] 	'dark_gamer#6861': "eu me aliei à equipe lute como uma garota!" is similar to 'lute como uma garota' (95%)
[04/08/20 12:59:37] 	'marina#7563': "eu me aliei a equipe capa amarela!" is similar to 'capa amarela' (92%)
[04/08/20 12:59:37] 	'doritosxl#3333': "eu me aliei pra equipe capa amarela" is similar to 'capa amarela' (100%)
[04/08/20 12:59:37] 	'fresco#8600': "eu me aliei à equipe zimzalabim!" is similar to 'zimzalabim' (91%)
[04/08/20 12:59:37] 	'flowo#3900': "eu me aliei à equipe capa amarela!" is similar to 'capa amarela' (92%)
[04/08/20 12:59:37] 	's_z#5700': "eu me aliei à equipe capa amarela!" is similar to 'capa amarela' (92%)
[04/08/20 12:59:37] 	'camipobre#3792': "eu me aliei a equipe viciados na vanilla" is similar to 'viciados na vanilla' (100%)
[04/08/20 12:59:37] 	'nubada#6447': "eu me aliei a equipe capa amarela c:" is similar to 'capa amarela' (80%)
[04/08/20 12:59:37] 	'caionino#5385': "eu me aliei a equipe clube das winx.\
https://i.pinimg.com/originals/d4/57/c9/d457c95a549400086550932a58682332.gif" is similar to 'clube das winx' (93%)

[04/08/20 12:59:37] Getting page 20
[04/08/20 12:59:39] Got page 20
[04/08/20 12:59:39] 	'omehans#0095': "eu me aliei à equipe camundongos unidos!" is similar to 'camundongos unidos' (95%)
[04/08/20 12:59:39] 	'luaaks#4800': "eu me aliei a equipe capa amarela." is similar to 'capa amarela' (92%)
[04/08/20 12:59:39] 	'venisa_chan#8283': "eu me aliei à equipe  helpers br!" is similar to 'helpers br' (91%)
[04/08/20 12:59:39] 	Skipped message [no 'equipe+(eu_me|alio|aliei)' word] from 'goku7575#7590': "escrevi errado"
[04/08/20 12:59:39] 	'goku7575#7590': "eu me aliei à equipe  helpers br!" is similar to 'helpers br' (91%)
[04/08/20 12:59:39] 	'banco03g#7491': "eu me aliei à equipe lute como uma garota!" is similar to 'lute como uma garota' (95%)
[04/08/20 12:59:39] 	'boruto#7509': "eu me alio à equipe capa amarela" is similar to 'capa amarela' (100%)
[04/08/20 12:59:39] 	'law#8823': "eu me aliei a equipe capa amarela" is similar to 'capa amarela' (100%)
[04/08/20 12:59:39] 	'argus#2400': "eu me aliei à equipe  helpers br!" is similar to 'helpers br' (91%)
[04/08/20 12:59:39] 	'kakashi#7777': "eu me aliei à equipe  helpers br!" is similar to 'helpers br' (91%)
[04/08/20 12:59:39] 	'jimin#7100': "eu me aliei à equipe lute como uma garota!" is similar to 'lute como uma garota' (95%)
[04/08/20 12:59:39] 	'tomoe#6852': "eu me aliei á equipe prysma vault''" is similar to 'prisma vault' (79%)
[04/08/20 12:59:39] 	'tempo#1000': "eu me aliei à equipe zimzalabim!" is similar to 'zimzalabim' (91%)

[04/08/20 12:59:39] Getting page 19
[04/08/20 12:59:41] Got page 19
[04/08/20 12:59:41] 	'brulai#4188': "eu me aliei à equipe rank's speed!" is similar to 'rank's speed' (92%)
[04/08/20 12:59:41] 	'claus#2991': "me aliei à equipe  helpers br!" is similar to 'helpers br' (91%)
[04/08/20 12:59:41] 	'sebaisseba#0095': "eu me aliei à equipe camundongos unidos!" is similar to 'camundongos unidos' (95%)
[04/08/20 12:59:41] 	'ama#7905': "eu me aliei à equipe amaterasu!" is similar to 'amaterasu' (90%)
[04/08/20 12:59:41] 	'lobodasombra#3585': "&eu me alio a equipe amaterasu&" is similar to 'amaterasu' (90%)
[04/08/20 12:59:41] 	'faye#0095': "eu me aliei à equipe camundongos unidos!" is similar to 'camundongos unidos' (95%)
[04/08/20 12:59:41] 	Skipped message [no 'equipe+(eu_me|alio|aliei)' word] from 'kelvin#6400': "......"
[04/08/20 12:59:41] 	'neverlands#5358': "eu me aliei à equipe amaterasu!" is similar to 'amaterasu' (90%)
[04/08/20 12:59:41] 	'reidowj#0876': "eu me aliei à equipe amaterasu" is similar to 'amaterasu' (100%)
[04/08/20 12:59:41] 	'drawixx#3567': "eu me aliei à equipe lute como uma garota!" is similar to 'lute como uma garota' (95%)
[04/08/20 12:59:41] 	'villevalo#0095': "eu me aliei à equipe camundongos unidos!" is similar to 'camundongos unidos' (95%)
[04/08/20 12:59:41] 	'inprove#2222': " eu me aliei à equipe rank's speed!" is similar to 'rank's speed' (92%)
[04/08/20 12:59:41] 	'gabrielmice#5432': "eu me aliei a equipe zimzalabim!" is similar to 'zimzalabim' (91%)
[04/08/20 12:59:41] 	'mec#5394': "eu me aliei à equipe capa amarela!" is similar to 'capa amarela' (92%)
[04/08/20 12:59:41] 	'mrsidanes#7077': "eu me aliei à equipe lute como uma garota!" is similar to 'lute como uma garota' (95%)
[04/08/20 12:59:41] 	'wraith#1767': "eu me aliei à equipe lute como uma garota!" is similar to 'lute como uma garota' (95%)
[04/08/20 12:59:41] 	'kelvin#6400': "eu me aliei à equipe  helpers br!" is similar to 'helpers br' (91%)
[04/08/20 12:59:41] 	'anjinho_jl#1700': "eu me aliei à equipe zimzalabim!" is similar to 'zimzalabim' (91%)
[04/08/20 12:59:41] 	'jii#9660': "eu me aliei a equipe masterchefs" is similar to 'masterchefs' (100%)

[04/08/20 12:59:41] Getting page 18
[04/08/20 12:59:43] Got page 18
[04/08/20 12:59:43] 	'castiela#5268': "eu me aliei a equipe zimzalabim!" is similar to 'zimzalabim' (91%)
[04/08/20 12:59:43] 	'orelha#2649': " eu me aliei à equipe rank's speed!" is similar to 'rank's speed' (92%)
[04/08/20 12:59:43] 	'yurisan#1000': "eu me aliei à equipe lute como uma garota!" is similar to 'lute como uma garota' (95%)
[04/08/20 12:59:43] 	'jotaro_kujo#1234': "eu me aliei à equipe lute como uma garota!" is similar to 'lute como uma garota' (95%)
[04/08/20 12:59:43] 	'travesti#5800': "eu me aliei à equipe  helpers br!" is similar to 'helpers br' (91%)
[04/08/20 12:59:43] 	'bombomdd00#0858': "eu me aliei à equipe lute como uma garota!" is similar to 'lute como uma garota' (95%)
[04/08/20 12:59:43] 	'adidas#5000': "eu me aliei à equipe lute como uma garota!" is similar to 'lute como uma garota' (95%)
[04/08/20 12:59:43] 	'by_garvi#5448': "eu me aliei á equipe masterchefs" is similar to 'masterchefs' (100%)
[04/08/20 12:59:43] 	'x_o#1234': "''eu me aliei à equipe lute como uma garota!''" is similar to 'lute como uma garota' (87%)
[04/08/20 12:59:43] 	Skipped message [no 'equipe+(eu_me|alio|aliei)' word] from 'doug420#5457': "xddddd"
[04/08/20 12:59:43] 	'kedr#3000': "me aliei à equipe amaterasu" is similar to 'amaterasu' (100%)
[04/08/20 12:59:43] 	Skipped message [no 'equipe+(eu_me|alio|aliei)' word] from 'arianagrande#6249': "entrei para a equipe amaterasu!"
[04/08/20 12:59:43] 	'sub_zero#9200': "eu me aliei à equipe  helpers br!" is similar to 'helpers br' (91%)
[04/08/20 12:59:43] 	'loving#7932': "me aliei à equipe  helpers br!" is similar to 'helpers br' (91%)

[04/08/20 12:59:43] Getting page 17
[04/08/20 12:59:45] Got page 17
[04/08/20 12:59:45] 	'heilykat02#9624': "eu me aliei a equipe viciados na vanilla" is similar to 'viciados na vanilla' (100%)
[04/08/20 12:59:45] 	'sufp#0095': "eu me aliei à equipe  helpers br!" is similar to 'helpers br' (91%)
[04/08/20 12:59:45] 	'anythin#0095': "eu me aliei à equipe camundongos unidos!" is similar to 'camundongos unidos' (95%)
[04/08/20 12:59:45] 	'lilskies#1000': " eu me aliei à equipe rank's speed!" is similar to 'rank's speed' (92%)
[04/08/20 12:59:45] 	'demetrian#0095': "eu me aliei à equipe  helpers br!" is similar to 'helpers br' (91%)
[04/08/20 12:59:45] 	'tat#0095': "eu me aliei à equipe camundongos unidos!\
\
noob pratton" is similar to 'camundongos unidos' (95%)
[04/08/20 12:59:45] 	'wumbo#6636': "eu me aliei à equipe zimzalabim!" is similar to 'zimzalabim' (91%)
[04/08/20 12:59:45] 	'esteban#2289': "eu me aliei à equipe zimzalabim!" is similar to 'zimzalabim' (91%)
[04/08/20 12:59:45] 	'icewings#2739': "eu me aliei à equipe lute como uma garota!" is similar to 'lute como uma garota' (95%)
[04/08/20 12:59:45] 	'dog#8922': " eu me aliei à equipe rank's speed!" is similar to 'rank's speed' (92%)
[04/08/20 12:59:45] 	'josue171005#5592': "eu me aliei à equipe  helpers br!" is similar to 'helpers br' (91%)
[04/08/20 12:59:45] 	'ally#8500': "eu me aliei à equipe  helpers br!" is similar to 'helpers br' (91%)
[04/08/20 12:59:45] 	'littlecheery#6663': "''eu me aliei à equipe lute como uma garota!''" is similar to 'lute como uma garota' (87%)
[04/08/20 12:59:45] 	'archives#6474': "eu me aliei à equipe prysma vault!'" is similar to 'prisma vault' (79%)
[04/08/20 12:59:45] 	'sunlight#0123': "eu me aliei à equipe comundongos unidos" is similar to 'camundongos unidos' (94%)
[04/08/20 12:59:45] 	'midariya#6276': "eu me aliei a equipe capa amarela" is similar to 'capa amarela' (100%)
[04/08/20 12:59:45] 	'ghost#1400': "eu me aliei à equipe lute como uma garota!" is similar to 'lute como uma garota' (95%)

[04/08/20 12:59:45] Getting page 16
[04/08/20 12:59:47] Got page 16
[04/08/20 12:59:47] 	'lenda#9930': "eu me aliei à equipe &free win&" is similar to 'free win' (80%)
[04/08/20 12:59:47] 	'ninguem#0095': "eu me aliei à equipe comundongos unidos!" is similar to 'camundongos unidos' (89%)
[04/08/20 12:59:47] 	'toquio#2222': "eu me aliei à equipe  helpers br!" is similar to 'helpers br' (91%)
[04/08/20 12:59:47] 	'nuuubs1#2685': "eu me aliei á equipe flamengo !" is similar to 'framengo' (70%)
[04/08/20 12:59:47] 	'ashroad#8715': "eu me aliei à equipe comundongos unidos" is similar to 'camundongos unidos' (94%)
[04/08/20 12:59:47] 	'sadzuno#7248': " eu me aliei à equipe rank's speed!" is similar to 'rank's speed' (92%)
[04/08/20 12:59:47] 	'uraraka_g0d#9471': "eu me aliei à equipe rangers" is similar to 'ragers' (86%)
[04/08/20 12:59:47] 	'sheik_arabe#6618': "eu me aliei à equipe chámantes!" is similar to 'chámantes' (91%)
[04/08/20 12:59:47] 	'candice#6200': "''eu me aliei à equipe lute como uma garota''" is similar to 'lute como uma garota' (91%)
[04/08/20 12:59:47] 	'danilo#2400': "eu me aliei à equipe rank's speed!" is similar to 'rank's speed' (92%)
[04/08/20 12:59:47] 	'sauniconha#8337': "eu me aliei à equipe comundongos unidos!" is similar to 'camundongos unidos' (89%)
[04/08/20 12:59:47] 	Skipped message [no 'equipe+(eu_me|alio|aliei)' word] from 'zury#9345': "estou me aliando a equipe lute como uma garota(lc)"
[04/08/20 12:59:47] 	'hyena#0095': "eu me aliei à equipe  helpers br!" is similar to 'helpers br' (91%)
[04/08/20 12:59:47] 	'kta#4449': "eu me aliei à equipe lute como uma garota" is similar to 'lute como uma garota' (100%)

[04/08/20 12:59:47] Getting page 15
[04/08/20 12:59:49] Got page 15
[04/08/20 12:59:49] 	'pancho#0900': "eu me aliei a equipe capa amarela!" is similar to 'capa amarela' (92%)
[04/08/20 12:59:49] 	Skipped message [no 'equipe+(eu_me|alio|aliei)' word] from 'rayanne07#5556': "eu me aliei a  we are the dark sheep reborn"
[04/08/20 12:59:49] 	'kakashihatake#7365': "eu me aliei a equipe viciados na vanilla" is similar to 'viciados na vanilla' (100%)
[04/08/20 12:59:49] 	'rayanne07#5556': "eu me aliei a equipe nightmare" is similar to 'nightmare' (100%)
[04/08/20 12:59:49] 	'xapuletey#7527': "eu me aliei à equipe  helpers br!" is similar to 'helpers br' (91%)
[04/08/20 12:59:49] 	'cry#8742': "eu me aliei a equipe capa amarela" is similar to 'capa amarela' (100%)
[04/08/20 12:59:49] 	'bela14#1884': "eu me aliei a equipe zimzalabim" is similar to 'zimzalabim' (100%)
[04/08/20 12:59:49] 	'chaves0#4395': " eu me aliei à equipe rank's speed!" is similar to 'rank's speed' (92%)
[04/08/20 12:59:49] 	'dexter007#8562': "eu me aliei à equipe camundongos unidos" is similar to 'camundongos unidos' (100%)
[04/08/20 12:59:49] 	'tatad#1794': " eu me aliei à equipe rank's speed!" is similar to 'rank's speed' (92%)
[04/08/20 12:59:49] 	Could not detect team for 'lailaccc#0700': "eu me aliei a equipe ragers e eles vao ganhar pelas previsoes dde nego ney"

[04/08/20 12:59:49] Getting page 14
[04/08/20 12:59:51] Got page 14
[04/08/20 12:59:51] 	'startf_br#9129': "eu me aliei a equipe viciados na vanilla" is similar to 'viciados na vanilla' (100%)
[04/08/20 12:59:51] 	'decorada#7482': "eu me aliei a equipe viciados na vanilla!" is similar to 'viciados na vanilla' (95%)
[04/08/20 12:59:51] 	'hagds#5754': "eu me aliei à equipe capa amarela!" is similar to 'capa amarela' (92%)
[04/08/20 12:59:51] 	'kakau#6100': " eu me aliei à equipe rank's speed!" is similar to 'rank's speed' (92%)
[04/08/20 12:59:51] 	'pandora#6300': "eu me aliei à equipe camundongos unidos" is similar to 'camundongos unidos' (100%)
[04/08/20 12:59:51] 	'zipzap#3279': "escreve &eu me aliei à equipe camundongos unidos&" is similar to 'camundongos unidos' (95%)

[04/08/20 12:59:51] Getting page 13
[04/08/20 12:59:53] Got page 13
[04/08/20 12:59:53] 	'leedra#0579': "eu me aliei á equipe amaterasu" is similar to 'amaterasu' (100%)
[04/08/20 12:59:53] 	'cr7#8670': "eu me aliei à equipe b e a r s" is similar to 'b e a r s' (100%)
[04/08/20 12:59:53] 	'verdomice#0095': "eu me aliei à equipe  helpers br!" is similar to 'helpers br' (91%)
[04/08/20 12:59:53] 	'distances#0095': "eu me aliei à equipe  helpers br!" is similar to 'helpers br' (91%)
[04/08/20 12:59:53] 	'artyline#8900': "eu me aliei à equipe camundongos unidos!" is similar to 'camundongos unidos' (95%)
[04/08/20 12:59:53] 	'gabrielcoo#4444': "eu me aliei à equipe lute como uma garota!" is similar to 'lute como uma garota' (95%)
[04/08/20 12:59:53] 	'inksans#6384': "eu me alio a equipe amaterasu" is similar to 'amaterasu' (100%)
[04/08/20 12:59:53] 	'foox_sx#0588': "eu me aliei a equipe viciados na vanilla" is similar to 'viciados na vanilla' (100%)
[04/08/20 12:59:53] 	'abc#0100': "eu me aliei à equipe  helpers br!" is similar to 'helpers br' (91%)
[04/08/20 12:59:53] 	'blackfirst#7932': "eu me aliei a equipe viciados na vanilla" is similar to 'viciados na vanilla' (100%)

[04/08/20 12:59:53] Getting page 12
[04/08/20 12:59:55] Got page 12
[04/08/20 12:59:55] 	'killer_noob#7800': "eu me aliei à equipe capa amarela!" is similar to 'capa amarela' (92%)
[04/08/20 12:59:55] 	'lavinia#6843': "eu me aliei à equipe lute como uma garota!" is similar to 'lute como uma garota' (95%)
[04/08/20 12:59:55] 	'luis_h#5709': "eu me aliei à equipe fast mouse!" is similar to 'fast mouse' (91%)
[04/08/20 12:59:55] 	'grapeup#0095': "eu me aliei à equipe camundongos unidos" is similar to 'camundongos unidos' (100%)
[04/08/20 12:59:55] 	'dudaah#6735': "eu me aliei à equipe b e a r s" is similar to 'b e a r s' (100%)
[04/08/20 12:59:55] 	'srkauan#6600': "eu me aliei à equipe first blooders invencible!" is similar to 'first blooders invencibles' (96%)
[04/08/20 12:59:55] 	'thc#5259': "eu me aliei a equipe lute como uma garota" is similar to 'lute como uma garota' (100%)
[04/08/20 12:59:55] 	'bsantos19#1695': "eu me aliei a equipe viciada em vanilla" is similar to 'viciados na vanilla' (78%)
[04/08/20 12:59:55] 	'assembly#7392': "eu me aliei a equipe ragers." is similar to 'ragers' (86%)

[04/08/20 12:59:55] Getting page 11
[04/08/20 12:59:57] Got page 11
[04/08/20 12:59:57] 	'iloveanjinha#3800': "eu me aliei à equipe  helpers br!" is similar to 'helpers br' (91%)
[04/08/20 12:59:57] 	'malignale#6465': "eu me aliei à equipe  helpers br!" is similar to 'helpers br' (91%)
[04/08/20 12:59:57] 	'gabi_b#6078': "eu me aliei à equipe capa amarela!" is similar to 'capa amarela' (92%)
[04/08/20 12:59:57] 	'velsword#0095': "eu me aliei à equipe camundongos unidos" is similar to 'camundongos unidos' (100%)
[04/08/20 12:59:57] 	'balerion#0095': "eu me aliei à equipe  helpers br!" is similar to 'helpers br' (91%)
[04/08/20 12:59:57] 	'sckoodz#0200': "eu me aliei à equipe rank's speed!" is similar to 'rank's speed' (92%)
[04/08/20 12:59:57] 	'wiannix#7716': "eu me aliei à equipe camundongos unidos" is similar to 'camundongos unidos' (100%)
[04/08/20 12:59:57] 	'dewkiz#8832': "eu me aliei à equipe capa amarela!" is similar to 'capa amarela' (92%)
[04/08/20 12:59:57] 	'nowfirst#4444': "eu me aliei à equipe  helpers br!" is similar to 'helpers br' (91%)
[04/08/20 12:59:57] 	'nomeslegais#6600': "eu me aliei à equipe  helpers br!> " is similar to 'helpers br' (77%)

[04/08/20 12:59:57] Getting page 10
[04/08/20 12:59:59] Got page 10
[04/08/20 12:59:59] 	'pix#0399': "eu me aliei à equipe free win!" is similar to 'free win' (89%)
[04/08/20 12:59:59] 	'favelada#6672': "eu me aliei à equipe masterchefs\
\
e vamos de vencedorxs\
https://media.tenor.com/images/fa9bbf4980e3193e33e8bdedfc279c30/tenor.gifhttps://media.tenor.com/images/fa9bbf4980e3193e33e8bdedfc279c30/tenor.gifhttps://media.tenor.com/images/fa9bbf4980e3193e33e8bdedfc279c30/tenor.gifhttps://media.tenor.com/images/fa9bbf4980e3193e33e8bdedfc279c30/tenor.gif" is similar to 'masterchefs' (100%)
[04/08/20 12:59:59] 	'yflk#5800': ": eu me aliei à equipe  helpers br!" is similar to 'helpers br' (91%)
[04/08/20 12:59:59] 	'edwin#7374': "eu me aliei à equipe capa amarela!" is similar to 'capa amarela' (92%)
[04/08/20 12:59:59] 	'gun#9900': "eu me aliei à equipe  helpers br!" is similar to 'helpers br' (91%)
[04/08/20 12:59:59] 	'willyelchoko#7300': "eu me aliei à equipe first blooders invencible!" is similar to 'first blooders invencibles' (96%)
[04/08/20 12:59:59] 	'vavdx#8571': "eu me aliei à equipe  helpers br!" is similar to 'helpers br' (91%)
[04/08/20 12:59:59] 	'sckoodz#0984': "eu me aliei à equipe rank's speed!" is similar to 'rank's speed' (92%)
[04/08/20 12:59:59] 	'grootmod#0095': "eu me aliei à equipe  helpers br!" is similar to 'helpers br' (91%)
[04/08/20 12:59:59] 	'm1lgr4u#3000': "eu me aliei à equipe  helpers br!" is similar to 'helpers br' (91%)
[04/08/20 12:59:59] 	'yumin#1234': "eu me aliei à equipe first blooders invencible!" is similar to 'first blooders invencibles' (96%)

[04/08/20 12:59:59] Getting page 9
[04/08/20 13:00:01] Got page 9
[04/08/20 13:00:01] 	'bolix#0095': "eu me aliei a equipe viciados na vanilla!" is similar to 'viciados na vanilla' (95%)
[04/08/20 13:00:01] 	'jan#6666': "eu me aliei a equipe viciados na vanilla!" is similar to 'viciados na vanilla' (95%)
[04/08/20 13:00:01] 	'meme#6564': "eu me aliei à equipe rank's speed!" is similar to 'rank's speed' (92%)
[04/08/20 13:00:01] 	'blank#3495': "eu me aliei à equipe comundongos unidos" is similar to 'camundongos unidos' (94%)
[04/08/20 13:00:01] 	'nescau_yt#2800': "eu me aliei à equipe chámantes!" is similar to 'chámantes' (91%)
[04/08/20 13:00:01] 	'giovanna_995#4395': "eu me aliei à equipe amaterasu!" is similar to 'amaterasu' (90%)
[04/08/20 13:00:01] 	'ponghost#5934': "eu me aliei a equipe viciados na vanilla" is similar to 'viciados na vanilla' (100%)
[04/08/20 13:00:01] 	'plytovka847#0123': "eu me aliei à equipe first blooders invencible!" is similar to 'first blooders invencibles' (96%)
[04/08/20 13:00:01] 	'sokowirowa#5682': "eu me aliei à equipe  helpers br!" is similar to 'helpers br' (91%)

[04/08/20 13:00:01] Getting page 8
[04/08/20 13:00:03] Got page 8
[04/08/20 13:00:03] 	'gold#6666': "eu me aliei à equipe fast mouse" is similar to 'fast mouse' (100%)
[04/08/20 13:00:03] 	'wolfycatt#0095': "eu me aliei à equipe chámantes!\
\
uvu" is similar to 'chámantes' (91%)
[04/08/20 13:00:03] 	'nat#4665': "eu me aliei à equipe utility 45" is similar to 'utility 45' (100%)
[04/08/20 13:00:03] 	'lucao#8562': "eu me aliei à equipe  helpers br!" is similar to 'helpers br' (91%)
[04/08/20 13:00:03] 	'moon#6543': "eu me aliei a equipe ragers" is similar to 'ragers' (100%)
[04/08/20 13:00:03] 	'o_o#7770': "eu me aliei à equipe first blooders invencible!" is similar to 'first blooders invencibles' (96%)
[04/08/20 13:00:03] 	'god_wing#7608': "eu me aliei à equipe  helpers br!" is similar to 'helpers br' (91%)
[04/08/20 13:00:03] 	'zoom#0095': "eu me aliei à equipe  helpers br!" is similar to 'helpers br' (91%)
[04/08/20 13:00:03] 	'venom#5493': "eu me aliei à equipe  helpers br!" is similar to 'helpers br' (91%)
[04/08/20 13:00:03] 	'mquk#0095': "eu me aliei à equipe lute como uma garota!" is similar to 'lute como uma garota' (95%)
[04/08/20 13:00:03] 	'jonathan#7392': "eu me aliei à equipe amaterasu!" is similar to 'amaterasu' (90%)
[04/08/20 13:00:03] 	'chapato#7700': "eu me aliei à equipe  helpers br!" is similar to 'helpers br' (91%)
[04/08/20 13:00:03] 	'ghostt#2500': "eu me aliei à equipe masterchefs" is similar to 'masterchefs' (100%)
[04/08/20 13:00:03] 	'kylaroo#1000': "eu me aliei a equipe viciados na vanilla!" is similar to 'viciados na vanilla' (95%)
[04/08/20 13:00:03] 	'giovaniiii#0095': "eu me aliei à equipe fast mouse!" is similar to 'fast mouse' (91%)
[04/08/20 13:00:03] 	'knust#7400': "eu me aliei a equipe viciados na vanilla" is similar to 'viciados na vanilla' (100%)

[04/08/20 13:00:03] Getting page 7
[04/08/20 13:00:05] Got page 7
[04/08/20 13:00:05] 	'mau#0095': " eu me aliei à equipe rank's speed!" is similar to 'rank's speed' (92%)
[04/08/20 13:00:05] 	'lapiiit#9237': "eu me aliei à equipe amaterasu!" is similar to 'amaterasu' (90%)
[04/08/20 13:00:05] 	'mitsuki#9750': "eu me aliei à equipe fast mouse!" is similar to 'fast mouse' (91%)

[04/08/20 13:00:05] helpers br - 71 points
[04/08/20 13:00:05] 	equal: 3
[04/08/20 13:00:05] 	multiple 1000: 1
[04/08/20 13:00:05] 	ex-staff: 14
[04/08/20 13:00:05] 	multiple 100: 12
[04/08/20 13:00:05] 	sum 21: 20

[04/08/20 13:00:05] capa amarela - 39 points
[04/08/20 13:00:05] 	equal: 2
[04/08/20 13:00:05] 	multiple 100: 9
[04/08/20 13:00:05] 	sum 21: 24

[04/08/20 13:00:05] camundongos unidos - 33 points
[04/08/20 13:00:05] 	multiple 100: 2
[04/08/20 13:00:05] 	consecutive: 1
[04/08/20 13:00:05] 	ex-staff: 11
[04/08/20 13:00:05] 	sum 21: 6

[04/08/20 13:00:05] lute como uma garota - 30 points
[04/08/20 13:00:05] 	equal: 1
[04/08/20 13:00:05] 	ex-staff: 1
[04/08/20 13:00:05] 	multiple 1000: 2
[04/08/20 13:00:05] 	consecutive: 2
[04/08/20 13:00:05] 	sum 21: 12
[04/08/20 13:00:05] 	multiple 100: 3

[04/08/20 13:00:05] rank's speed - 23 points
[04/08/20 13:00:05] 	equal: 1
[04/08/20 13:00:05] 	multiple 1000: 1
[04/08/20 13:00:05] 	ex-staff: 1
[04/08/20 13:00:05] 	sum 21: 12
[04/08/20 13:00:05] 	multiple 100: 4

[04/08/20 13:00:05] viciados na vanilla - 18 points
[04/08/20 13:00:05] 	equal: 1
[04/08/20 13:00:05] 	multiple 1000: 1
[04/08/20 13:00:05] 	multiple 100: 1
[04/08/20 13:00:05] 	sum 21: 10
[04/08/20 13:00:05] 	ex-staff: 1

[04/08/20 13:00:05] zimzalabim - 12 points
[04/08/20 13:00:05] 	multiple 1000: 1
[04/08/20 13:00:05] 	consecutive: 1
[04/08/20 13:00:05] 	sum 21: 5
[04/08/20 13:00:05] 	multiple 100: 2

[04/08/20 13:00:05] first blooders invencibles - 11 points
[04/08/20 13:00:05] 	multiple 1000: 1
[04/08/20 13:00:05] 	sum 21: 1
[04/08/20 13:00:05] 	multiple 100: 2
[04/08/20 13:00:05] 	consecutive: 2

[04/08/20 13:00:05] amaterasu - 11 points
[04/08/20 13:00:05] 	multiple 1000: 1
[04/08/20 13:00:05] 	sum 21: 9

[04/08/20 13:00:05] fast mouse - 7 points
[04/08/20 13:00:05] 	equal: 1
[04/08/20 13:00:05] 	ex-staff: 1
[04/08/20 13:00:05] 	sum 21: 2

[04/08/20 13:00:05] ragers - 5 points
[04/08/20 13:00:05] 	consecutive: 1
[04/08/20 13:00:05] 	sum 21: 2

[04/08/20 13:00:05] masterchefs - 5 points
[04/08/20 13:00:05] 	sum 21: 3
[04/08/20 13:00:05] 	multiple 100: 2

[04/08/20 13:00:05] chámantes - 4 points
[04/08/20 13:00:05] 	ex-staff: 1
[04/08/20 13:00:05] 	multiple 100: 1
[04/08/20 13:00:05] 	sum 21: 1

[04/08/20 13:00:05] clube das winx - 4 points
[04/08/20 13:00:05] 	sum 21: 3
[04/08/20 13:00:05] 	multiple 100: 1

[04/08/20 13:00:05] prisma vault - 2 points
[04/08/20 13:00:05] 	sum 21: 2

[04/08/20 13:00:05] nightmare - 2 points
[04/08/20 13:00:05] 	sum 21: 2

[04/08/20 13:00:05] b e a r s - 2 points
[04/08/20 13:00:05] 	sum 21: 2

[04/08/20 13:00:05] free win - 2 points
[04/08/20 13:00:05] 	sum 21: 2

[04/08/20 13:00:05] utility 45 - 1 points
[04/08/20 13:00:05] 	sum 21: 1

[04/08/20 13:00:05] framengo - 1 points
[04/08/20 13:00:05] 	sum 21: 1

[04/08/20 13:00:05] Unknown allies: 1
[04/08/20 13:00:05] 	"'lailaccc#0700': \"eu me aliei a equipe ragers e eles vao ganhar pelas previsoes dde nego ney\""

[04/08/20 13:00:05] Skipped messages: 9
[04/08/20 13:00:05] 	"'rayanne07#5556': \"'estou me aliando ao clube das winx''\""
[04/08/20 13:00:05] 	"'mu_picka#2700': \"kkkkkkkk\""
[04/08/20 13:00:05] 	"'leedra#0579': \"mano desclassifiquem essa capa amarela, criaram um bot, e pegaram o escudo/logo do google...\""
[04/08/20 13:00:05] 	"'goku7575#7590': \"escrevi errado\""
[04/08/20 13:00:05] 	"'kelvin#6400': \"......\""
[04/08/20 13:00:05] 	"'doug420#5457': \"xddddd\""
[04/08/20 13:00:05] 	"'arianagrande#6249': \"entrei para a equipe amaterasu!\""
[04/08/20 13:00:05] 	"'zury#9345': \"estou me aliando a equipe lute como uma garota(lc)\""
[04/08/20 13:00:05] 	"'rayanne07#5556': \"eu me aliei a  we are the dark sheep reborn\""

[04/08/20 13:00:05] All allies: Abc#0100 - Abootgamer#3333 - Adidas#5000 - Ally#8500 - Ama#7905 - Anjinho_jl#1700 - Anythin#0095 - Archives#6474 - Argus#2400 - Arkantos#9561 - Artyline#8900 - Ashroad#8715 - Assembly#7392 - Balerion#0095 - Banco03g#7491 - Banco24g#5475 - Bapereira10#7608 - Bapereira20#7671 - Bapereira31#5088 - Bapereira32#5907 - Bela14#1884 - Blackfirst#7932 - Blank#3495 - Bolix#0095 - Bombomdd00#0858 - Boruto#7509 - Brooow#6429 - Brulai#4188 - Bsantos19#1695 - By_garvi#5448 - Caionino#5385 - Camipobre#3792 - Candice#6200 - Castiela#5268 - Chapato#7700 - Chaves0#4395 - Claus#2991 - Cr7#8670 - Cry#8742 - Danilo#2400 - Dark_gamer#6861 - Daydream#0095 - Decorada#7482 - Demetrian#0095 - Dewkiz#8832 - Dexter007#8562 - Distances#0095 - Dog#8922 - Donatello#0095 - Doritosxl#3333 - Drawixx#3567 - Dudaah#6735 - Edwin#7374 - Emyz#4674 - Esteban#2289 - Fake_tintas#4287 - Fanta2019#3855 - Favelada#6672 - Faye#0095 - Flashpoint#0095 - Flowo#3900 - Foox_sx#0588 - Fresco#8600 - Gabi_b#6078 - Gabrielcoo#4444 - Gabrielmice#5432 - Ghost#1400 - Ghostt#2500 - Giovaniiii#0095 - Giovanna_995#4395 - God_wing#7608 - Goku7575#7590 - Gold#6666 - Gothic_girl#7500 - Grapeup#0095 - Grootmod#0095 - Gun#9900 - Hagds#5754 - Heilykat02#9624 - Helito#0095 - Hyena#0095 - Icewings#2739 - Iloveanjinha#3800 - Inksans#6384 - Inprove#2222 - Jan#6666 - Jii#9660 - Jimin#7100 - Joaorayman77#7000 - Jonathan#7392 - Josue171005#5592 - Jotaro_kujo#1234 - Jujubita304#4656 - Kakashi#7777 - Kakashihatake#7365 - Kakau#6100 - Kedr#3000 - Kelvin#6400 - Killer_noob#7800 - Kirito#7482 - Knust#7400 - Kta#4449 - Kylaroo#1000 - Lapiiit#9237 - Lavinia#6843 - Law#8823 - Leedra#0579 - Lenda#9930 - Ligoligo01#5700 - Lilskies#1000 - Littlecheery#6663 - Lobodasombra#3585 - Lostchicken#0095 - Loving#7932 - Luaaks#4800 - Lucao#8562 - Luis_h#5709 - M1lgr4u#3000 - Malignale#6465 - Marina#7563 - Mau#0095 - Mec#5394 - Meme#6564 - Midariya#6276 - Miraixo#7554 - Mitsuki#9750 - Moon#6543 - Mquk#0095 - Mrsidanes#7077 - Mu_picka#2700 - N_ym#7700 - Nat#4665 - Nescau_yt#2800 - Neverlands#5358 - Nicole980#8094 - Ninguem#0095 - Nomeslegais#6600 - Nowfirst#4444 - Nubada#6447 - Nuuubs1#2685 - O_o#7770 - Omehans#0095 - Orelha#2649 - P12345marco2#2379 - Pancho#0900 - Pandora#6300 - Paozinhoderrete#9075 - Perversaah#8355 - Pix#0399 - Plytovka847#0123 - Ponghost#5934 - Puizzingg#7707 - Qjs10#4485 - Qjs107#0984 - Qjs108#9651 - Qjs114#1900 - Qjs117#3855 - Qjs46#7300 - Qjs58#2478 - Qjs65#3300 - Qjs84#5682 - Qjs90#2559 - Rayanne07#5556 - Reidowj#0876 - Roborebolation#9903 - S_z#5700 - Sadzuno#7248 - Sauniconha#8337 - Sckoodz#0200 - Sckoodz#0984 - Sebaisseba#0095 - Sheik_arabe#6618 - Sla#9219 - Sokowirowa#5682 - Sol97#5385 - Srkauan#6600 - Ssergi#0095 - Startf_br#9129 - Sub_zero#9200 - Sufp#0095 - Sunlight#0123 - Syberin#0095 - Tat#0095 - Tatad#1794 - Tefany#7900 - Tempo#1000 - Thc#5259 - Tobby#3477 - Tomoe#6852 - Toquio#2222 - Travesti#5800 - Tronca#9453 - Uraraka_g0d#9471 - Vavdx#8571 - Velsword#0095 - Venisa_chan#8283 - Venom#5493 - Verdomice#0095 - Villevalo#0095 - Warfenix#0095 - Wiannix#7716 - Willyelchoko#7300 - Wolfycatt#0095 - Wraith#1767 - Wumbo#6636 - X_o#1234 - Xapuletey#7527 - Yflk#5800 - Yumin#1234 - Yurisan#1000 - Yuukikun#4845 - Zipzap#3279 - Zoom#0095

[04/08/20 13:00:08] Finished